<?xml version="1.0" encoding="UTF-8"?>
<!-- Generated by org.testng.reporters.JUnitReportReporter -->
<testsuite skipped="0" hostname="DESKTOP-431RUTU" name="com.qa.flipkart.tests.LandingPageTest" tests="2" failures="0" timestamp="2020-07-17T12:45:51 IST" time="2.433" errors="0">
  <testcase name="verifyLoginPageTitleTest" time="0.248" classname="com.qa.flipkart.tests.LandingPageTest"/>
  <system-out/>
  <testcase name="closePopupTest" time="2.185" classname="com.qa.flipkart.tests.LandingPageTest"/>
  <system-out/>
</testsuite> <!-- com.qa.flipkart.tests.LandingPageTest -->
