<?xml version="1.0" encoding="UTF-8"?>
<!-- Generated by org.testng.reporters.JUnitReportReporter -->
<testsuite skipped="2" hostname="DESKTOP-431RUTU" name="com.qa.hubspot.tests.LoginPageTest" tests="3" failures="0" timestamp="2020-07-17T12:10:37 IST" time="9.025" errors="0">
  <testcase name="verifyLoginPageTitleTest" time="9.025" classname="com.qa.hubspot.tests.LoginPageTest"/>
  <system-out/>
  <testcase name="verifySignUpLinkTest" classname="com.qa.hubspot.tests.LoginPageTest">
    <skipped/>
  </testcase> <!-- verifySignUpLinkTest -->
  <system-out/>
  <testcase name="loginTest" classname="com.qa.hubspot.tests.LoginPageTest">
    <skipped/>
  </testcase> <!-- loginTest -->
  <system-out/>
</testsuite> <!-- com.qa.hubspot.tests.LoginPageTest -->
