<?xml version="1.0" encoding="UTF-8"?>
<!-- Generated by org.testng.reporters.JUnitReportReporter -->
<testsuite skipped="3" hostname="DESKTOP-431RUTU" name="com.qa.flipkart.tests.HomePageTest" tests="3" failures="0" timestamp="2020-07-17T12:16:39 IST" time="0.000" errors="0">
  <testcase name="VerifyHomePageTitleTest" time="0.000" classname="com.qa.flipkart.tests.HomePageTest">
    <skipped/>
  </testcase> <!-- VerifyHomePageTitleTest -->
  <system-out/>
  <testcase name="verifyHomePageHeaderTest" time="0.000" classname="com.qa.flipkart.tests.HomePageTest">
    <skipped/>
  </testcase> <!-- verifyHomePageHeaderTest -->
  <system-out/>
  <testcase name="veriyLoggedInUserTest" time="0.000" classname="com.qa.flipkart.tests.HomePageTest">
    <skipped/>
  </testcase> <!-- veriyLoggedInUserTest -->
  <system-out/>
</testsuite> <!-- com.qa.flipkart.tests.HomePageTest -->
