<?xml version="1.0" encoding="UTF-8"?>
<!-- Generated by org.testng.reporters.JUnitReportReporter -->
<testsuite skipped="3" hostname="DESKTOP-431RUTU" name="com.qa.flipkart.tests.LoginPageTest" tests="3" failures="0" timestamp="2020-07-17T12:16:39 IST" time="0.000" errors="0">
  <testcase name="verifyLoginPageTitleTest" time="0.000" classname="com.qa.flipkart.tests.LoginPageTest">
    <skipped/>
  </testcase> <!-- verifyLoginPageTitleTest -->
  <system-out/>
  <testcase name="loginTest" classname="com.qa.flipkart.tests.LoginPageTest">
    <skipped/>
  </testcase> <!-- loginTest -->
  <system-out/>
  <testcase name="verifySignUpLinkTest" classname="com.qa.flipkart.tests.LoginPageTest">
    <skipped/>
  </testcase> <!-- verifySignUpLinkTest -->
  <system-out/>
</testsuite> <!-- com.qa.flipkart.tests.LoginPageTest -->
